Current Triton version 3.1.0 is below the recommended 3.2.0 version. Errors may occur and these issues will not be fixed. Please consider upgrading Triton.
Current Python version 3.10 is below the recommended 3.11 version. It is recommended to upgrade to Python 3.11 or higher for the best experience.
torch.compile is not available in Python 3.10, using identity decorator instead
[W1122 19:53:49.406232586 CPUAllocator.cpp:249] Memory block of unknown size was allocated before the profiling started, profiler results will not include the deallocation event
Device: NVIDIA GeForce RTX 2080 Ti
-------------------------------------------------------  ------------  ------------  ------------  ------------  ------------  ------------  ------------  ------------  ------------  ------------  ------------  ------------  ------------  ------------  
                                                   Name    Self CPU %      Self CPU   CPU total %     CPU total  CPU time avg     Self CUDA   Self CUDA %    CUDA total  CUDA time avg       CPU Mem  Self CPU Mem      CUDA Mem  Self CUDA Mem    # of Calls  
-------------------------------------------------------  ------------  ------------  ------------  ------------  ------------  ------------  ------------  ------------  ------------  ------------  ------------  ------------  ------------  ------------  
                                            gla_forward         0.00%       0.000us         0.00%       0.000us       0.000us     396.967ms       100.20%     396.967ms       3.970ms           0 b           0 b           0 b           0 b           100  
                                            gla_forward         7.72%      30.714ms        32.27%     128.323ms       1.283ms       0.000us         0.00%     396.186ms       3.962ms           8 b           8 b     293.00 Mb     -29.89 Gb           100  
                                 FusedRecurrentFunction         4.26%      16.929ms         7.71%      30.644ms     306.445us     164.276ms        41.46%     208.820ms       2.088ms           0 b           0 b       9.38 Gb      -6.25 Gb           100  
                             fused_recurrent_fwd_kernel         0.00%       0.000us         0.00%       0.000us       0.000us     164.276ms        41.46%     164.276ms       1.643ms           0 b           0 b           0 b           0 b           100  
                                           aten::linear         0.64%       2.533ms         9.84%      39.145ms      55.921us       0.000us         0.00%     155.308ms     221.869us           0 b           0 b      14.16 Gb           0 b           700  
                                           aten::matmul         0.95%       3.795ms         7.02%      27.902ms      46.504us       0.000us         0.00%     151.069ms     251.781us           0 b           0 b      12.60 Gb           0 b           600  
                                               aten::mm         3.95%      15.722ms         5.27%      20.950ms      34.917us     151.069ms        38.13%     151.069ms     251.781us           0 b           0 b      12.60 Gb      12.60 Gb           600  
turing_fp16_s1688gemm_fp16_128x256_ldg8_f2f_stages_3...         0.00%       0.000us         0.00%       0.000us       0.000us     143.097ms        36.12%     143.097ms     286.194us           0 b           0 b           0 b           0 b           500  
                                              aten::sum         0.60%       2.391ms         2.24%       8.896ms      88.959us      25.653ms         6.48%      25.653ms     256.534us           0 b           0 b       6.25 Gb       6.25 Gb           100  
void at::native::reduce_kernel<128, 4, at::native::R...         0.00%       0.000us         0.00%       0.000us       0.000us      25.653ms         6.48%      25.653ms     256.534us           0 b           0 b           0 b           0 b           100  
                                 LayerNormGatedFunction         3.79%      15.079ms         4.74%      18.849ms     188.489us      19.313ms         4.87%      19.313ms     193.132us           0 b           0 b       3.52 Gb           0 b           100  
                            layer_norm_gated_fwd_kernel         0.00%       0.000us         0.00%       0.000us       0.000us      19.313ms         4.87%      19.313ms     193.132us           0 b           0 b           0 b           0 b           100  
                                               aten::to         0.04%     171.202us         0.72%       2.851ms      28.513us       0.000us         0.00%      18.891ms     188.912us           0 b           0 b       3.12 Gb           0 b           100  
                                         aten::_to_copy         0.13%     536.271us         0.67%       2.680ms      26.801us       0.000us         0.00%      18.891ms     188.912us           0 b           0 b       3.12 Gb           0 b           100  
                                            aten::copy_         0.22%     861.459us         0.37%       1.486ms      14.860us      18.891ms         4.77%      18.891ms     188.912us           0 b           0 b           0 b           0 b           100  
void at::native::unrolled_elementwise_kernel<at::nat...         0.00%       0.000us         0.00%       0.000us       0.000us      18.891ms         4.77%      18.891ms     188.912us           0 b           0 b           0 b           0 b           100  
turing_fp16_s1688gemm_fp16_64x128_sliced1x2_ldg8_f2f...         0.00%       0.000us         0.00%       0.000us       0.000us       7.972ms         2.01%       7.972ms      79.717us           0 b           0 b           0 b           0 b           100  
                                      aten::log_sigmoid         0.04%     163.032us         1.09%       4.327ms      43.273us       0.000us         0.00%       6.395ms      63.949us           0 b           0 b       1.56 Gb           0 b           100  
                              aten::log_sigmoid_forward         0.41%       1.638ms         1.05%       4.164ms      41.643us       6.395ms         1.61%       6.395ms      63.949us           0 b           0 b       1.56 Gb           0 b           100  
void at::native::vectorized_elementwise_kernel<4, at...         0.00%       0.000us         0.00%       0.000us       0.000us       6.395ms         1.61%       6.395ms      63.949us           0 b           0 b           0 b           0 b           100  
-------------------------------------------------------  ------------  ------------  ------------  ------------  ------------  ------------  ------------  ------------  ------------  ------------  ------------  ------------  ------------  ------------  
Self CPU time total: 397.628ms
Self CUDA time total: 396.186ms

--------------------------------------------------
Iterations: 100
Average GPU time per run: 3.9619 ms
Average CPU time per run: 1.2832 ms
Throughput: 252.41 runs/sec
--------------------------------------------------
Peak CUDA memory: 0.61 GB

Top 5 CUDA kernels:
  FusedRecurrentFunction                                       2.0882 ms
  fused_recurrent_fwd_kernel                                   1.6428 ms
  turing_fp16_s1688gemm_fp16_128x256_ldg8_f2f_stages_32x1_tn   0.2862 ms
  aten::sum                                                    0.2565 ms
  void at::native::reduce_kernel<128, 4, at::native::ReduceOp< 0.2565 ms
11.15user 1.55system 0:18.60elapsed 68%CPU (0avgtext+0avgdata 967996maxresident)k
78552inputs+17648outputs (55major+264850minor)pagefaults 0swaps
