nohup: ignoring input

Benchmarking MatMul Performance:   0%|          | 0/62 [00:00<?, ?it/s]
Benchmarking MatMul Performance:   2%|▏         | 1/62 [00:01<01:29,  1.46s/it]
Benchmarking MatMul Performance:   3%|▎         | 2/62 [00:02<01:29,  1.49s/it]
Benchmarking MatMul Performance:   5%|▍         | 3/62 [00:03<00:50,  1.17it/s]
Benchmarking MatMul Performance:   6%|▋         | 4/62 [00:04<00:56,  1.03it/s]
Benchmarking MatMul Performance:   8%|▊         | 5/62 [00:04<00:37,  1.52it/s]
Benchmarking MatMul Performance:  10%|▉         | 6/62 [00:07<01:15,  1.35s/it]
Benchmarking MatMul Performance:  11%|█▏        | 7/62 [00:07<00:51,  1.06it/s]
Benchmarking MatMul Performance:  13%|█▎        | 8/62 [00:12<02:05,  2.32s/it]
Benchmarking MatMul Performance:  15%|█▍        | 9/62 [00:12<01:26,  1.63s/it]
Benchmarking MatMul Performance:  16%|█▌        | 10/62 [00:21<03:24,  3.93s/it]
Benchmarking MatMul Performance:  18%|█▊        | 11/62 [00:21<02:20,  2.76s/it]
Benchmarking MatMul Performance:  19%|█▉        | 12/62 [00:36<05:15,  6.31s/it]
Benchmarking MatMul Performance:  21%|██        | 13/62 [00:36<03:37,  4.43s/it]
Benchmarking MatMul Performance:  23%|██▎       | 14/62 [00:57<07:41,  9.61s/it]
Benchmarking MatMul Performance:  24%|██▍       | 15/62 [00:57<05:17,  6.75s/it]
Benchmarking MatMul Performance:  26%|██▌       | 16/62 [01:28<10:41, 13.96s/it]
Benchmarking MatMul Performance:  27%|██▋       | 17/62 [01:28<07:20,  9.79s/it]
Benchmarking MatMul Performance:  29%|██▉       | 18/62 [02:11<14:22, 19.61s/it]
Benchmarking MatMul Performance:  31%|███       | 19/62 [02:11<09:51, 13.75s/it]
Benchmarking MatMul Performance:  32%|███▏      | 20/62 [03:07<18:36, 26.59s/it]
Benchmarking MatMul Performance:  34%|███▍      | 21/62 [03:07<12:44, 18.64s/it]
Benchmarking MatMul Performance:  35%|███▌      | 22/62 [04:21<23:22, 35.06s/it]
Benchmarking MatMul Performance:  37%|███▋      | 23/62 [04:21<15:58, 24.58s/it]
Benchmarking MatMul Performance:  39%|███▊      | 24/62 [05:54<28:37, 45.19s/it]
Benchmarking MatMul Performance:  40%|████      | 25/62 [05:54<19:31, 31.67s/it]
Benchmarking MatMul Performance:  42%|████▏     | 26/62 [07:51<34:16, 57.11s/it]
Benchmarking MatMul Performance:  44%|████▎     | 27/62 [07:51<23:20, 40.02s/it]
Benchmarking MatMul Performance:  45%|████▌     | 28/62 [10:14<40:13, 70.99s/it]
Benchmarking MatMul Performance:  47%|████▋     | 29/62 [10:14<27:21, 49.73s/it]
Benchmarking MatMul Performance:  48%|████▊     | 30/62 [13:08<46:23, 86.97s/it]
Benchmarking MatMul Performance:  50%|█████     | 31/62 [13:08<31:28, 60.92s/it]
Benchmarking MatMul Performance:  52%|█████▏    | 32/62 [16:37<52:36, 105.21s/it]
Benchmarking MatMul Performance:  53%|█████▎    | 33/62 [16:37<35:36, 73.69s/it] 
Benchmarking MatMul Performance:  55%|█████▍    | 34/62 [20:45<58:43, 125.85s/it]
Benchmarking MatMul Performance:  56%|█████▋    | 35/62 [20:45<39:39, 88.13s/it] 
Benchmarking MatMul Performance:  58%|█████▊    | 36/62 [25:36<1:04:34, 149.03s/it]
Benchmarking MatMul Performance:  60%|█████▉    | 37/62 [25:36<43:29, 104.37s/it]  
Benchmarking MatMul Performance:  61%|██████▏   | 38/62 [31:15<1:09:58, 174.92s/it]
Benchmarking MatMul Performance:  63%|██████▎   | 39/62 [31:16<46:57, 122.49s/it]  
Benchmarking MatMul Performance:  65%|██████▍   | 40/62 [37:49<1:14:40, 203.66s/it]
Benchmarking MatMul Performance:  66%|██████▌   | 41/62 [37:49<49:54, 142.61s/it]  
Benchmarking MatMul Performance:  68%|██████▊   | 42/62 [45:21<1:18:28, 235.41s/it]
Benchmarking MatMul Performance:  69%|██████▉   | 43/62 [45:21<52:11, 164.84s/it]  
Benchmarking MatMul Performance:  71%|███████   | 44/62 [53:57<1:21:05, 270.31s/it]
Benchmarking MatMul Performance:  73%|███████▎  | 45/62 [53:58<53:37, 189.27s/it]  
Benchmarking MatMul Performance:  74%|███████▍  | 46/62 [1:03:44<1:22:16, 308.51s/it]
Benchmarking MatMul Performance:  76%|███████▌  | 47/62 [1:03:44<54:00, 216.01s/it]  
Benchmarking MatMul Performance:  77%|███████▋  | 48/62 [1:14:48<1:21:42, 350.15s/it]
Benchmarking MatMul Performance:  79%|███████▉  | 49/62 [1:14:48<53:07, 245.16s/it]  
Benchmarking MatMul Performance:  81%|████████  | 50/62 [1:27:14<1:19:04, 395.40s/it]
Benchmarking MatMul Performance:  82%|████████▏ | 51/62 [1:27:14<50:45, 276.83s/it]  
Benchmarking MatMul Performance:  84%|████████▍ | 52/62 [1:41:09<1:14:03, 444.38s/it]
Benchmarking MatMul Performance:  85%|████████▌ | 53/62 [1:41:09<46:40, 311.12s/it]  
Benchmarking MatMul Performance:  87%|████████▋ | 54/62 [1:56:41<1:06:18, 497.27s/it]
Benchmarking MatMul Performance:  89%|████████▊ | 55/62 [1:56:41<40:37, 348.15s/it]  
Benchmarking MatMul Performance:  90%|█████████ | 56/62 [2:13:56<55:25, 554.22s/it]
Benchmarking MatMul Performance:  92%|█████████▏| 57/62 [2:13:56<32:20, 388.01s/it]
Benchmarking MatMul Performance:  94%|█████████▎| 58/62 [2:33:02<41:01, 615.35s/it]
Benchmarking MatMul Performance:  95%|█████████▌| 59/62 [2:33:02<21:32, 430.80s/it]
Benchmarking MatMul Performance:  97%|█████████▋| 60/62 [2:54:07<22:41, 680.84s/it]
Benchmarking MatMul Performance:  98%|█████████▊| 61/62 [2:54:07<07:56, 476.65s/it]
Benchmarking MatMul Performance: 100%|██████████| 62/62 [3:17:18<00:00, 750.83s/it]
Benchmarking MatMul Performance: 100%|██████████| 62/62 [3:17:18<00:00, 190.94s/it]
Traceback (most recent call last):
  File "/system/user/khashan/jku-ai-practical-project/modules/matmul_naive_fp16.py", line 159, in <module>
    triton.testing.print_table(final_results, configs)
AttributeError: module 'triton.testing' has no attribute 'print_table'
Command exited with non-zero status 1
11823.69user 2.08system 3:17:20elapsed 99%CPU (0avgtext+0avgdata 705396maxresident)k
8inputs+344outputs (0major+71465minor)pagefaults 0swaps
